google-gtag-iframe.html:1 The 'attribution-reporting' feature policy must be enabled to register a conversion.
google-gtag-iframe.html:1 The 'attribution-reporting' feature policy must be enabled to register a conversion.
google-gtag-iframe.html:1 The 'attribution-reporting' feature policy must be enabled to register a conversion.
browser.vendor.7154739.js:29 Uncaught ReducerCollisionError: There are two different reducers for "visibleSearchResult"
    at e.t._addReducer (browser.vendor.7154739.js:24)
    at e.t.addCollectionReducer (browser.vendor.7154739.js:24)
    at e.t._addReducers (browser.vendor.7154739.js:1)
    at e.t._renderReactWidget (browser.vendor.7154739.js:1)
    at e.t._initReactWidget (browser.vendor.7154739.js:1)
    at n (browser.vendor.7154739.js:1)
    at browser.vendor.7154739.js:1
    at browser.vendor.7154739.js:24
    at Array.forEach (<anonymous>)
    at Function.e.describe (browser.vendor.7154739.js:24)
browser.vendor.7154739.js:1 Uncaught ReducerCollisionError: There are two different reducers for "visibleSearchResult"
    at e.t._addReducer (browser.vendor.7154739.js:24)
    at e.t.addCollectionReducer (browser.vendor.7154739.js:24)
    at e.t._addReducers (browser.vendor.7154739.js:1)
    at e.t._renderReactWidget (browser.vendor.7154739.js:1)
    at e.t._initReactWidget (browser.vendor.7154739.js:1)
    at n (browser.vendor.7154739.js:1)
    at browser.vendor.7154739.js:1
    at Function.e.inquire (browser.vendor.7154739.js:24)
    at e.t._processMarker (browser.vendor.7154739.js:1)
    at browser.vendor.7154739.js:1
t @ browser.vendor.7154739.js:1
t @ browser.vendor.7154739.js:1
(anonymous) @ browser.vendor.7154739.js:1
ReducerCollisionError @ browser.vendor.7154739.js:1
t._addReducer @ browser.vendor.7154739.js:24
t.addCollectionReducer @ browser.vendor.7154739.js:24
t._addReducers @ browser.vendor.7154739.js:1
t._renderReactWidget @ browser.vendor.7154739.js:1
t._initReactWidget @ browser.vendor.7154739.js:1
n @ browser.vendor.7154739.js:1
(anonymous) @ browser.vendor.7154739.js:1
e.inquire @ browser.vendor.7154739.js:24
t._processMarker @ browser.vendor.7154739.js:1
(anonymous) @ browser.vendor.7154739.js:1
push @ browser.vendor.7154739.js:16
(anonymous) @ VM1211:1
n._setContent @ browser.vendor.7154739.js:46
n.componentDidUpdate @ browser.vendor.7154739.js:46
qi @ react-with-dom.min.js:163
ui @ react-with-dom.min.js:166
(anonymous) @ react-with-dom.min.js:191
unstable_runWithPriority @ react-with-dom.min.js:27
Vc @ react-with-dom.min.js:191
Sc @ react-with-dom.min.js:191
Z @ react-with-dom.min.js:189
Kc @ react-with-dom.min.js:188
ya @ react-with-dom.min.js:186
enqueueSetState @ react-with-dom.min.js:235
t.setState @ react-with-dom.min.js:20
s.onStateChange @ browser.stable.50a94f0.js:13
notify @ browser.stable.50a94f0.js:13
e.notifyNestedSubs @ browser.stable.50a94f0.js:13
s.onStateChange @ browser.stable.50a94f0.js:13
y @ browser.stable.50a94f0.js:13
(anonymous) @ browser.stable.50a94f0.js:13
(anonymous) @ browser.vendor.7154739.js:1
dispatch @ browser.stable.50a94f0.js:13
e.__tryOrUnsub @ browser.stable.50a94f0.js:13
e.next @ browser.stable.50a94f0.js:13
e._next @ browser.stable.50a94f0.js:13
e.next @ browser.stable.50a94f0.js:13
e.notifyNext @ browser.stable.50a94f0.js:13
e._next @ browser.stable.50a94f0.js:13
e.next @ browser.stable.50a94f0.js:13
t.observe @ browser.stable.50a94f0.js:13
e.dispatch @ browser.stable.50a94f0.js:13
e._execute @ browser.stable.50a94f0.js:13
e.execute @ browser.stable.50a94f0.js:13
e.flush @ browser.stable.50a94f0.js:13
e.schedule @ browser.stable.50a94f0.js:13
t.schedule @ browser.stable.50a94f0.js:13
e.schedule @ browser.stable.50a94f0.js:13
e.scheduleMessage @ browser.stable.50a94f0.js:13
e._next @ browser.stable.50a94f0.js:13
e.next @ browser.stable.50a94f0.js:13
e.notifyNext @ browser.stable.50a94f0.js:13
e._next @ browser.stable.50a94f0.js:13
e.next @ browser.stable.50a94f0.js:13
e._next @ browser.stable.50a94f0.js:13
e.next @ browser.stable.50a94f0.js:13
e._next @ browser.stable.50a94f0.js:13
e.next @ browser.stable.50a94f0.js:13
e.notifyNext @ browser.stable.50a94f0.js:13
e._next @ browser.stable.50a94f0.js:13
e.next @ browser.stable.50a94f0.js:13
e.notifyNext @ browser.stable.50a94f0.js:13
e._next @ browser.stable.50a94f0.js:13
e.next @ browser.stable.50a94f0.js:13
e.notifyNext @ browser.stable.50a94f0.js:13
e._next @ browser.stable.50a94f0.js:13
e.next @ browser.stable.50a94f0.js:13
e._next @ browser.stable.50a94f0.js:13
e.next @ browser.stable.50a94f0.js:13
e._next @ browser.stable.50a94f0.js:13
e.next @ browser.stable.50a94f0.js:13
e._next @ browser.stable.50a94f0.js:13
e.next @ browser.stable.50a94f0.js:13
e._next @ browser.stable.50a94f0.js:13
e.next @ browser.stable.50a94f0.js:13
e._next @ browser.stable.50a94f0.js:13
e.next @ browser.stable.50a94f0.js:13
e._next @ browser.stable.50a94f0.js:13
e.next @ browser.stable.50a94f0.js:13
e.next @ browser.stable.50a94f0.js:13
e._next @ browser.stable.50a94f0.js:13
e.next @ browser.stable.50a94f0.js:13
e._next @ browser.stable.50a94f0.js:13
e.next @ browser.stable.50a94f0.js:13
e.notifyNext @ browser.stable.50a94f0.js:13
e._next @ browser.stable.50a94f0.js:13
e.next @ browser.stable.50a94f0.js:13
e.notifyNext @ browser.stable.50a94f0.js:13
e._next @ browser.stable.50a94f0.js:13
e.next @ browser.stable.50a94f0.js:13
(anonymous) @ browser.stable.50a94f0.js:13
t._trySubscribe @ browser.stable.50a94f0.js:13
t.subscribe @ browser.stable.50a94f0.js:13
u @ browser.stable.50a94f0.js:13
e._innerSub @ browser.stable.50a94f0.js:13
e._tryNext @ browser.stable.50a94f0.js:13
e._next @ browser.stable.50a94f0.js:13
e.next @ browser.stable.50a94f0.js:13
e.next @ browser.stable.50a94f0.js:1
s @ browser.stable.50a94f0.js:1
setTimeout (async)
r @ browser.vendor.7154739.js:29
t.default @ browser.vendor.7154739.js:29
(anonymous) @ browser.vendor.7154739.js:1
(anonymous) @ browser.vendor.7154739.js:16
t.emit @ browser.vendor.7154739.js:16
t._emit @ browser.vendor.7154739.js:1
t._error @ browser.vendor.7154739.js:1
(anonymous) @ browser.vendor.7154739.js:1
(anonymous) @ browser.vendor.7154739.js:16
t.emit @ browser.vendor.7154739.js:16
t._addReducer @ browser.vendor.7154739.js:24
t.addCollectionReducer @ browser.vendor.7154739.js:24
t._addReducers @ browser.vendor.7154739.js:1
t._renderReactWidget @ browser.vendor.7154739.js:1
t._initReactWidget @ browser.vendor.7154739.js:1
n @ browser.vendor.7154739.js:1
(anonymous) @ browser.vendor.7154739.js:1
e.inquire @ browser.vendor.7154739.js:24
t._processMarker @ browser.vendor.7154739.js:1
(anonymous) @ browser.vendor.7154739.js:1
push @ browser.vendor.7154739.js:16
(anonymous) @ VM1211:1
n._setContent @ browser.vendor.7154739.js:46
n.componentDidUpdate @ browser.vendor.7154739.js:46
qi @ react-with-dom.min.js:163
ui @ react-with-dom.min.js:166
(anonymous) @ react-with-dom.min.js:191
unstable_runWithPriority @ react-with-dom.min.js:27
Vc @ react-with-dom.min.js:191
Sc @ react-with-dom.min.js:191
Z @ react-with-dom.min.js:189
Kc @ react-with-dom.min.js:188
ya @ react-with-dom.min.js:186
enqueueSetState @ react-with-dom.min.js:235
t.setState @ react-with-dom.min.js:20
s.onStateChange @ browser.stable.50a94f0.js:13
notify @ browser.stable.50a94f0.js:13
e.notifyNestedSubs @ browser.stable.50a94f0.js:13
s.onStateChange @ browser.stable.50a94f0.js:13
y @ browser.stable.50a94f0.js:13
(anonymous) @ browser.stable.50a94f0.js:13
(anonymous) @ browser.vendor.7154739.js:1
dispatch @ browser.stable.50a94f0.js:13
e.__tryOrUnsub @ browser.stable.50a94f0.js:13
e.next @ browser.stable.50a94f0.js:13
e._next @ browser.stable.50a94f0.js:13
e.next @ browser.stable.50a94f0.js:13
e.notifyNext @ browser.stable.50a94f0.js:13
e._next @ browser.stable.50a94f0.js:13
e.next @ browser.stable.50a94f0.js:13
t.observe @ browser.stable.50a94f0.js:13
e.dispatch @ browser.stable.50a94f0.js:13
e._execute @ browser.stable.50a94f0.js:13
e.execute @ browser.stable.50a94f0.js:13
e.flush @ browser.stable.50a94f0.js:13
e.schedule @ browser.stable.50a94f0.js:13
t.schedule @ browser.stable.50a94f0.js:13
e.schedule @ browser.stable.50a94f0.js:13
e.scheduleMessage @ browser.stable.50a94f0.js:13
e._next @ browser.stable.50a94f0.js:13
e.next @ browser.stable.50a94f0.js:13
e.notifyNext @ browser.stable.50a94f0.js:13
e._next @ browser.stable.50a94f0.js:13
e.next @ browser.stable.50a94f0.js:13
e._next @ browser.stable.50a94f0.js:13
e.next @ browser.stable.50a94f0.js:13
e._next @ browser.stable.50a94f0.js:13
e.next @ browser.stable.50a94f0.js:13
e.notifyNext @ browser.stable.50a94f0.js:13
e._next @ browser.stable.50a94f0.js:13
e.next @ browser.stable.50a94f0.js:13
e.notifyNext @ browser.stable.50a94f0.js:13
e._next @ browser.stable.50a94f0.js:13
e.next @ browser.stable.50a94f0.js:13
e.notifyNext @ browser.stable.50a94f0.js:13
e._next @ browser.stable.50a94f0.js:13
e.next @ browser.stable.50a94f0.js:13
e._next @ browser.stable.50a94f0.js:13
e.next @ browser.stable.50a94f0.js:13
e._next @ browser.stable.50a94f0.js:13
e.next @ browser.stable.50a94f0.js:13
e._next @ browser.stable.50a94f0.js:13
e.next @ browser.stable.50a94f0.js:13
e._next @ browser.stable.50a94f0.js:13
e.next @ browser.stable.50a94f0.js:13
e._next @ browser.stable.50a94f0.js:13
e.next @ browser.stable.50a94f0.js:13
e._next @ browser.stable.50a94f0.js:13
e.next @ browser.stable.50a94f0.js:13
e.next @ browser.stable.50a94f0.js:13
e._next @ browser.stable.50a94f0.js:13
e.next @ browser.stable.50a94f0.js:13
e._next @ browser.stable.50a94f0.js:13
e.next @ browser.stable.50a94f0.js:13
e.notifyNext @ browser.stable.50a94f0.js:13
e._next @ browser.stable.50a94f0.js:13
e.next @ browser.stable.50a94f0.js:13
e.notifyNext @ browser.stable.50a94f0.js:13
e._next @ browser.stable.50a94f0.js:13
e.next @ browser.stable.50a94f0.js:13
(anonymous) @ browser.stable.50a94f0.js:13
t._trySubscribe @ browser.stable.50a94f0.js:13
t.subscribe @ browser.stable.50a94f0.js:13
u @ browser.stable.50a94f0.js:13
e._innerSub @ browser.stable.50a94f0.js:13
e._tryNext @ browser.stable.50a94f0.js:13
e._next @ browser.stable.50a94f0.js:13
e.next @ browser.stable.50a94f0.js:13
e.next @ browser.stable.50a94f0.js:1
s @ browser.stable.50a94f0.js:1
load (async)
e.setupEvents @ browser.stable.50a94f0.js:1
e.send @ browser.stable.50a94f0.js:1
e @ browser.stable.50a94f0.js:1
e._subscribe @ browser.stable.50a94f0.js:1
t._trySubscribe @ browser.stable.50a94f0.js:13
t.subscribe @ browser.stable.50a94f0.js:13
t.call @ browser.stable.50a94f0.js:13
t.subscribe @ browser.stable.50a94f0.js:13
u @ browser.stable.50a94f0.js:13
e._innerSub @ browser.stable.50a94f0.js:13
e._tryNext @ browser.stable.50a94f0.js:13
e._next @ browser.stable.50a94f0.js:13
e.next @ browser.stable.50a94f0.js:13
s @ browser.stable.50a94f0.js:13
e._execute @ browser.stable.50a94f0.js:13
e.execute @ browser.stable.50a94f0.js:13
e.flush @ browser.stable.50a94f0.js:13
setInterval (async)
e.requestAsyncId @ browser.stable.50a94f0.js:13
e.schedule @ browser.stable.50a94f0.js:13
t.schedule @ browser.stable.50a94f0.js:13
e.schedule @ browser.stable.50a94f0.js:13
(anonymous) @ browser.stable.50a94f0.js:13
t._trySubscribe @ browser.stable.50a94f0.js:13
t.subscribe @ browser.stable.50a94f0.js:13
t.call @ browser.stable.50a94f0.js:13
t.subscribe @ browser.stable.50a94f0.js:13
t.call @ browser.stable.50a94f0.js:13
t.subscribe @ browser.stable.50a94f0.js:13
e.connect @ browser.stable.50a94f0.js:13
t.call @ browser.stable.50a94f0.js:13
t.subscribe @ browser.stable.50a94f0.js:13
t.call @ browser.stable.50a94f0.js:13
t.subscribe @ browser.stable.50a94f0.js:13
t.call @ browser.stable.50a94f0.js:13
t.subscribe @ browser.stable.50a94f0.js:13
t.call @ browser.stable.50a94f0.js:13
t.subscribe @ browser.stable.50a94f0.js:13
t.call @ browser.stable.50a94f0.js:13
t.subscribe @ browser.stable.50a94f0.js:13
t.call @ browser.stable.50a94f0.js:13
t.subscribe @ browser.stable.50a94f0.js:13
u @ browser.stable.50a94f0.js:13
e._complete @ browser.stable.50a94f0.js:13
e.complete @ browser.stable.50a94f0.js:13
(anonymous) @ browser.stable.50a94f0.js:13
t._trySubscribe @ browser.stable.50a94f0.js:13
t.subscribe @ browser.stable.50a94f0.js:13
t.call @ browser.stable.50a94f0.js:13
t.subscribe @ browser.stable.50a94f0.js:13
u @ browser.stable.50a94f0.js:13
e._innerSub @ browser.stable.50a94f0.js:13
e._tryNext @ browser.stable.50a94f0.js:13
e._next @ browser.stable.50a94f0.js:13
e.next @ browser.stable.50a94f0.js:13
(anonymous) @ browser.stable.50a94f0.js:13
t._trySubscribe @ browser.stable.50a94f0.js:13
t.subscribe @ browser.stable.50a94f0.js:13
t.call @ browser.stable.50a94f0.js:13
t.subscribe @ browser.stable.50a94f0.js:13
u @ browser.stable.50a94f0.js:13
e._innerSub @ browser.stable.50a94f0.js:13
e._tryNext @ browser.stable.50a94f0.js:13
e._next @ browser.stable.50a94f0.js:13
e.next @ browser.stable.50a94f0.js:13
e._next @ browser.stable.50a94f0.js:13
e.next @ browser.stable.50a94f0.js:13
e._next @ browser.stable.50a94f0.js:13
e.next @ browser.stable.50a94f0.js:13
e._next @ browser.stable.50a94f0.js:13
e.next @ browser.stable.50a94f0.js:13
e._next @ browser.stable.50a94f0.js:13
e.next @ browser.stable.50a94f0.js:13
t.observe @ browser.stable.50a94f0.js:13
e.dispatch @ browser.stable.50a94f0.js:13
e._execute @ browser.stable.50a94f0.js:13
e.execute @ browser.stable.50a94f0.js:13
e.flush @ browser.stable.50a94f0.js:13
e.schedule @ browser.stable.50a94f0.js:13
t.schedule @ browser.stable.50a94f0.js:13
e.schedule @ browser.stable.50a94f0.js:13
e.scheduleMessage @ browser.stable.50a94f0.js:13
e._next @ browser.stable.50a94f0.js:13
e.next @ browser.stable.50a94f0.js:13
e.next @ browser.stable.50a94f0.js:13
e.next @ browser.stable.50a94f0.js:13
(anonymous) @ browser.vendor.7154739.js:1
(anonymous) @ browser.vendor.7154739.js:29
(anonymous) @ browser.stable.50a94f0.js:13
(anonymous) @ browser.vendor.7154739.js:51
(anonymous) @ browser.stable.50a94f0.js:13
(anonymous) @ browser.stable.50a94f0.js:13
n @ browser.stable.50a94f0.js:13
f @ browser.stable.50a94f0.js:13
Show 260 more frames
