10-23 14:36:42.256 21341 21341 D ActivityThread: add activity client record, r= ActivityRecord{8785370 token=android.os.BinderProxy@523b8c6 {com.android.todolist/com.android.todolist.ListActivity}} token= android.os.BinderProxy@523b8c6
10-23 14:36:43.019 21341 21341 V ActivityThread: Skipping new config:{0.85 250mcc99mnc [ru_RU,en_RU] ldltr sw360dp w360dp h653dp 480dpi nrml long port finger -keyb/v/h -nav/h winConfig={ mBounds=Rect(0, 0 - 0, 0) mAppBounds=Rect(0, 0 - 1080, 2032) mWindowingMode=fullscreen mActivityType=undefined} nonFullScreen=0 suim:4 s.8}, config:{0.85 250mcc99mnc [ru_RU,en_RU] ldltr sw360dp w360dp h653dp 480dpi nrml long port finger -keyb/v/h -nav/h winConfig={ mBounds=Rect(0, 0 - 0, 0) mAppBounds=Rect(0, 0 - 1080, 2032) mWindowingMode=fullscreen mActivityType=undefined} nonFullScreen=0 suim:4 s.8} for app:com.android.todolist
10-23 14:36:43.129 21341 21341 D ActivityThread: add activity client record, r= ActivityRecord{94da895 token=android.os.BinderProxy@b8700f7 {com.android.todolist/com.android.todolist.MainActivity}} token= android.os.BinderProxy@b8700f7
10-23 14:36:43.506 21341 21341 D ActivityThread: Remove activity client record, r= ActivityRecord{8785370 token=android.os.BinderProxy@523b8c6 {com.android.todolist/com.android.todolist.ListActivity}} token= android.os.BinderProxy@523b8c6
10-23 14:36:44.009 21341 21341 V ActivityThread: Skipping new config:{0.85 250mcc99mnc [ru_RU,en_RU] ldltr sw360dp w360dp h653dp 480dpi nrml long port finger -keyb/v/h -nav/h winConfig={ mBounds=Rect(0, 0 - 0, 0) mAppBounds=Rect(0, 0 - 1080, 2032) mWindowingMode=fullscreen mActivityType=undefined} nonFullScreen=0 suim:4 s.8}, config:{0.85 250mcc99mnc [ru_RU,en_RU] ldltr sw360dp w360dp h653dp 480dpi nrml long port finger -keyb/v/h -nav/h winConfig={ mBounds=Rect(0, 0 - 0, 0) mAppBounds=Rect(0, 0 - 1080, 2032) mWindowingMode=fullscreen mActivityType=undefined} nonFullScreen=0 suim:4 s.8} for app:com.android.todolist
10-23 14:36:44.123 21341 21341 D ActivityThread: add activity client record, r= ActivityRecord{5dd8332 token=android.os.BinderProxy@435005e {com.android.todolist/com.android.todolist.ListActivity}} token= android.os.BinderProxy@435005e
10-23 14:37:07.363 21341 21341 V ActivityThread: Handle window ActivityRecord{5dd8332 token=android.os.BinderProxy@435005e {com.android.todolist/com.android.todolist.ListActivity}} visibility: false
10-23 14:37:26.063 21341 21341 V ActivityThread: Skipping new config:{0.85 250mcc99mnc [ru_RU,en_RU] ldltr sw360dp w360dp h653dp 480dpi nrml long port finger -keyb/v/h -nav/h winConfig={ mBounds=Rect(0, 0 - 0, 0) mAppBounds=Rect(0, 0 - 1080, 2032) mWindowingMode=fullscreen mActivityType=undefined} nonFullScreen=0 suim:4 s.8}, config:{0.85 250mcc99mnc [ru_RU,en_RU] ldltr sw360dp w360dp h653dp 480dpi nrml long port finger -keyb/v/h -nav/h winConfig={ mBounds=Rect(0, 0 - 0, 0) mAppBounds=Rect(0, 0 - 1080, 2032) mWindowingMode=fullscreen mActivityType=undefined} nonFullScreen=0 suim:4 s.8} for app:com.android.todolist
10-23 14:37:26.172 21341 21341 D ActivityThread: add activity client record, r= ActivityRecord{985dbbe token=android.os.BinderProxy@a83284a {com.android.todolist/com.android.todolist.MainActivity}} token= android.os.BinderProxy@a83284a
10-23 14:37:26.511 21341 21341 D ActivityThread: Remove activity client record, r= ActivityRecord{5dd8332 token=android.os.BinderProxy@435005e {com.android.todolist/com.android.todolist.ListActivity}} token= android.os.BinderProxy@435005e
10-23 14:37:29.569 21341 21341 V ActivityThread: Skipping new config:{0.85 250mcc99mnc [ru_RU,en_RU] ldltr sw360dp w360dp h653dp 480dpi nrml long port finger -keyb/v/h -nav/h winConfig={ mBounds=Rect(0, 0 - 0, 0) mAppBounds=Rect(0, 0 - 1080, 2032) mWindowingMode=fullscreen mActivityType=undefined} nonFullScreen=0 suim:4 s.8}, config:{0.85 250mcc99mnc [ru_RU,en_RU] ldltr sw360dp w360dp h653dp 480dpi nrml long port finger -keyb/v/h -nav/h winConfig={ mBounds=Rect(0, 0 - 0, 0) mAppBounds=Rect(0, 0 - 1080, 2032) mWindowingMode=fullscreen mActivityType=undefined} nonFullScreen=0 suim:4 s.8} for app:com.android.todolist
10-23 14:37:29.668 21341 21341 D ActivityThread: add activity client record, r= ActivityRecord{6fd3e26 token=android.os.BinderProxy@66e76f5 {com.android.todolist/com.android.todolist.ListActivity}} token= android.os.BinderProxy@66e76f5
10-23 14:37:41.364 21341 21341 V ActivityThread: Handle window ActivityRecord{6fd3e26 token=android.os.BinderProxy@66e76f5 {com.android.todolist/com.android.todolist.ListActivity}} visibility: false
10-23 14:38:04.247 21341 21341 V ActivityThread: Handle window ActivityRecord{6fd3e26 token=android.os.BinderProxy@66e76f5 {com.android.todolist/com.android.todolist.ListActivity}} visibility: false
10-23 14:40:37.173 21341 21341 V ActivityThread: Skipping new config:{0.85 250mcc99mnc [ru_RU,en_RU] ldltr sw360dp w360dp h653dp 480dpi nrml long port finger -keyb/v/h -nav/h winConfig={ mBounds=Rect(0, 0 - 0, 0) mAppBounds=Rect(0, 0 - 1080, 2032) mWindowingMode=fullscreen mActivityType=undefined} nonFullScreen=0 suim:4 s.8}, config:{0.85 250mcc99mnc [ru_RU,en_RU] ldltr sw360dp w360dp h653dp 480dpi nrml long port finger -keyb/v/h -nav/h winConfig={ mBounds=Rect(0, 0 - 0, 0) mAppBounds=Rect(0, 0 - 1080, 2032) mWindowingMode=fullscreen mActivityType=undefined} nonFullScreen=0 suim:4 s.8} for app:com.android.todolist
10-23 14:40:37.263 21341 21341 D ActivityThread: add activity client record, r= ActivityRecord{9c6ca6f token=android.os.BinderProxy@2677f0b {com.android.todolist/com.android.todolist.MainActivity}} token= android.os.BinderProxy@2677f0b
10-23 14:40:37.606 21341 21341 D ActivityThread: Remove activity client record, r= ActivityRecord{6fd3e26 token=android.os.BinderProxy@66e76f5 {com.android.todolist/com.android.todolist.ListActivity}} token= android.os.BinderProxy@66e76f5
10-23 14:40:39.314 21341 21341 V ActivityThread: Skipping new config:{0.85 250mcc99mnc [ru_RU,en_RU] ldltr sw360dp w360dp h653dp 480dpi nrml long port finger -keyb/v/h -nav/h winConfig={ mBounds=Rect(0, 0 - 0, 0) mAppBounds=Rect(0, 0 - 1080, 2032) mWindowingMode=fullscreen mActivityType=undefined} nonFullScreen=0 suim:4 s.8}, config:{0.85 250mcc99mnc [ru_RU,en_RU] ldltr sw360dp w360dp h653dp 480dpi nrml long port finger -keyb/v/h -nav/h winConfig={ mBounds=Rect(0, 0 - 0, 0) mAppBounds=Rect(0, 0 - 1080, 2032) mWindowingMode=fullscreen mActivityType=undefined} nonFullScreen=0 suim:4 s.8} for app:com.android.todolist
10-23 14:40:39.381 21341 21341 D ActivityThread: add activity client record, r= ActivityRecord{3a758ea token=android.os.BinderProxy@e7fbc3c {com.android.todolist/com.android.todolist.ListActivity}} token= android.os.BinderProxy@e7fbc3c
10-23 14:40:42.837  1767  8888 I HidataAppQoeP: foregroundUidRemove uid: 10244 name: com.android.todolist
10-23 14:40:43.301 21341 21341 V ActivityThread: Handle window ActivityRecord{3a758ea token=android.os.BinderProxy@e7fbc3c {com.android.todolist/com.android.todolist.ListActivity}} visibility: false
10-23 14:41:25.471  1767  8888 I HidataAppQoeP: foregroundUidAdd uid: 10244 name: com.android.todolist activity state: true
10-23 14:41:27.682 21341 21341 V ActivityThread: Skipping new config:{0.85 250mcc99mnc [ru_RU,en_RU] ldltr sw360dp w360dp h653dp 480dpi nrml long port finger -keyb/v/h -nav/h winConfig={ mBounds=Rect(0, 0 - 0, 0) mAppBounds=Rect(0, 0 - 1080, 2032) mWindowingMode=fullscreen mActivityType=undefined} nonFullScreen=0 suim:4 s.8}, config:{0.85 250mcc99mnc [ru_RU,en_RU] ldltr sw360dp w360dp h653dp 480dpi nrml long port finger -keyb/v/h -nav/h winConfig={ mBounds=Rect(0, 0 - 0, 0) mAppBounds=Rect(0, 0 - 1080, 2032) mWindowingMode=fullscreen mActivityType=undefined} nonFullScreen=0 suim:4 s.8} for app:com.android.todolist
10-23 14:41:27.772 21341 21341 D ActivityThread: add activity client record, r= ActivityRecord{a8447e8 token=android.os.BinderProxy@e5d7914 {com.android.todolist/com.android.todolist.MainActivity}} token= android.os.BinderProxy@e5d7914
10-23 14:41:28.075 21341 21341 D ActivityThread: Remove activity client record, r= ActivityRecord{3a758ea token=android.os.BinderProxy@e7fbc3c {com.android.todolist/com.android.todolist.ListActivity}} token= android.os.BinderProxy@e7fbc3c
10-23 14:41:35.029 21341 21341 V ActivityThread: Skipping new config:{0.85 250mcc99mnc [ru_RU,en_RU] ldltr sw360dp w360dp h653dp 480dpi nrml long port finger -keyb/v/h -nav/h winConfig={ mBounds=Rect(0, 0 - 0, 0) mAppBounds=Rect(0, 0 - 1080, 2032) mWindowingMode=fullscreen mActivityType=undefined} nonFullScreen=0 suim:4 s.8}, config:{0.85 250mcc99mnc [ru_RU,en_RU] ldltr sw360dp w360dp h653dp 480dpi nrml long port finger -keyb/v/h -nav/h winConfig={ mBounds=Rect(0, 0 - 0, 0) mAppBounds=Rect(0, 0 - 1080, 2032) mWindowingMode=fullscreen mActivityType=undefined} nonFullScreen=0 suim:4 s.8} for app:com.android.todolist
10-23 14:41:35.104 21341 21341 D ActivityThread: add activity client record, r= ActivityRecord{5b6d22e token=android.os.BinderProxy@a86bd9d {com.android.todolist/com.android.todolist.ListActivity}} token= android.os.BinderProxy@a86bd9d
10-23 14:41:36.315 21341 21341 V ActivityThread: Skipping new config:{0.85 250mcc99mnc [ru_RU,en_RU] ldltr sw360dp w360dp h653dp 480dpi nrml long port finger -keyb/v/h -nav/h winConfig={ mBounds=Rect(0, 0 - 0, 0) mAppBounds=Rect(0, 0 - 1080, 2032) mWindowingMode=fullscreen mActivityType=undefined} nonFullScreen=0 suim:4 s.8}, config:{0.85 250mcc99mnc [ru_RU,en_RU] ldltr sw360dp w360dp h653dp 480dpi nrml long port finger -keyb/v/h -nav/h winConfig={ mBounds=Rect(0, 0 - 0, 0) mAppBounds=Rect(0, 0 - 1080, 2032) mWindowingMode=fullscreen mActivityType=undefined} nonFullScreen=0 suim:4 s.8} for app:com.android.todolist
10-23 14:41:36.395 21341 21341 D ActivityThread: add activity client record, r= ActivityRecord{b18e0f3 token=android.os.BinderProxy@ef50b8d {com.android.todolist/com.android.todolist.MainActivity}} token= android.os.BinderProxy@ef50b8d
10-23 14:41:36.696 21341 21341 D ActivityThread: Remove activity client record, r= ActivityRecord{5b6d22e token=android.os.BinderProxy@a86bd9d {com.android.todolist/com.android.todolist.ListActivity}} token= android.os.BinderProxy@a86bd9d
10-23 14:41:44.252  1767  8888 I HidataAppQoeP: foregroundUidRemove uid: 10244 name: com.android.todolist
10-23 14:41:44.781 21341 21341 V ActivityThread: Handle window ActivityRecord{b18e0f3 token=android.os.BinderProxy@ef50b8d {com.android.todolist/com.android.todolist.MainActivity}} visibility: false
10-23 14:45:39.629  1767  8888 I HidataAppQoeP: foregroundUidAdd uid: 10244 name: com.android.todolist activity state: true
10-23 14:46:02.200 21341 21341 V ActivityThread: Skipping new config:{0.85 250mcc99mnc [ru_RU,en_RU] ldltr sw360dp w360dp h653dp 480dpi nrml long port finger -keyb/v/h -nav/h winConfig={ mBounds=Rect(0, 0 - 0, 0) mAppBounds=Rect(0, 0 - 1080, 2032) mWindowingMode=fullscreen mActivityType=undefined} nonFullScreen=0 suim:4 s.8}, config:{0.85 250mcc99mnc [ru_RU,en_RU] ldltr sw360dp w360dp h653dp 480dpi nrml long port finger -keyb/v/h -nav/h winConfig={ mBounds=Rect(0, 0 - 0, 0) mAppBounds=Rect(0, 0 - 1080, 2032) mWindowingMode=fullscreen mActivityType=undefined} nonFullScreen=0 suim:4 s.8} for app:com.android.todolist
10-23 14:46:02.290 21341 21341 D ActivityThread: add activity client record, r= ActivityRecord{9290882 token=android.os.BinderProxy@4cbbc13 {com.android.todolist/com.android.todolist.ListActivity}} token= android.os.BinderProxy@4cbbc13
10-23 14:46:02.639 21341 21341 V ActivityThread: Skipping new config:{0.85 250mcc99mnc [ru_RU,en_RU] ldltr sw360dp w360dp h653dp 480dpi nrml long port finger -keyb/v/h -nav/h winConfig={ mBounds=Rect(0, 0 - 0, 0) mAppBounds=Rect(0, 0 - 1080, 2032) mWindowingMode=fullscreen mActivityType=undefined} nonFullScreen=0 suim:4 s.8}, config:{0.85 250mcc99mnc [ru_RU,en_RU] ldltr sw360dp w360dp h653dp 480dpi nrml long port finger -keyb/v/h -nav/h winConfig={ mBounds=Rect(0, 0 - 0, 0) mAppBounds=Rect(0, 0 - 1080, 2032) mWindowingMode=fullscreen mActivityType=undefined} nonFullScreen=0 suim:4 s.8} for app:com.android.todolist
10-23 14:46:02.704 21341 21341 D ActivityThread: add activity client record, r= ActivityRecord{c25b39e token=android.os.BinderProxy@de8b98a {com.android.todolist/com.android.todolist.ListActivity}} token= android.os.BinderProxy@de8b98a
10-23 14:47:20.477  1767  8888 I HidataAppQoeP: foregroundUidRemove uid: 10244 name: com.android.todolist
10-23 14:47:20.917 21341 21341 V ActivityThread: Handle window ActivityRecord{c25b39e token=android.os.BinderProxy@de8b98a {com.android.todolist/com.android.todolist.ListActivity}} visibility: false
10-23 14:47:43.896  1767  8888 I HidataAppQoeP: foregroundUidAdd uid: 10244 name: com.android.todolist activity state: true
10-23 14:47:51.892 21341 21341 V ActivityThread: Skipping new config:{0.85 250mcc99mnc [ru_RU,en_RU] ldltr sw360dp w360dp h653dp 480dpi nrml long port finger -keyb/v/h -nav/h winConfig={ mBounds=Rect(0, 0 - 0, 0) mAppBounds=Rect(0, 0 - 1080, 2032) mWindowingMode=fullscreen mActivityType=undefined} nonFullScreen=0 suim:4 s.8}, config:{0.85 250mcc99mnc [ru_RU,en_RU] ldltr sw360dp w360dp h653dp 480dpi nrml long port finger -keyb/v/h -nav/h winConfig={ mBounds=Rect(0, 0 - 0, 0) mAppBounds=Rect(0, 0 - 1080, 2032) mWindowingMode=fullscreen mActivityType=undefined} nonFullScreen=0 suim:4 s.8} for app:com.android.todolist
10-23 14:47:51.985 21341 21341 D ActivityThread: add activity client record, r= ActivityRecord{eeeed73 token=android.os.BinderProxy@90f064f {com.android.todolist/com.android.todolist.MainActivity}} token= android.os.BinderProxy@90f064f
10-23 14:47:52.310 21341 21341 D ActivityThread: Remove activity client record, r= ActivityRecord{c25b39e token=android.os.BinderProxy@de8b98a {com.android.todolist/com.android.todolist.ListActivity}} token= android.os.BinderProxy@de8b98a
10-23 14:48:12.254 21341 21341 V ActivityThread: Skipping new config:{0.85 250mcc99mnc [ru_RU,en_RU] ldltr sw360dp w360dp h653dp 480dpi nrml long port finger -keyb/v/h -nav/h winConfig={ mBounds=Rect(0, 0 - 0, 0) mAppBounds=Rect(0, 0 - 1080, 2032) mWindowingMode=fullscreen mActivityType=undefined} nonFullScreen=0 suim:4 s.8}, config:{0.85 250mcc99mnc [ru_RU,en_RU] ldltr sw360dp w360dp h653dp 480dpi nrml long port finger -keyb/v/h -nav/h winConfig={ mBounds=Rect(0, 0 - 0, 0) mAppBounds=Rect(0, 0 - 1080, 2032) mWindowingMode=fullscreen mActivityType=undefined} nonFullScreen=0 suim:4 s.8} for app:com.android.todolist
10-23 14:48:12.344 21341 21341 D ActivityThread: add activity client record, r= ActivityRecord{294c62b token=android.os.BinderProxy@e236f5e {com.android.todolist/com.android.todolist.Info}} token= android.os.BinderProxy@e236f5e
10-23 14:48:14.297 21341 21341 D ActivityThread: Remove activity client record, r= ActivityRecord{294c62b token=android.os.BinderProxy@e236f5e {com.android.todolist/com.android.todolist.Info}} token= android.os.BinderProxy@e236f5e
10-23 14:48:16.137 21341 21341 V ActivityThread: Skipping new config:{0.85 250mcc99mnc [ru_RU,en_RU] ldltr sw360dp w360dp h653dp 480dpi nrml long port finger -keyb/v/h -nav/h winConfig={ mBounds=Rect(0, 0 - 0, 0) mAppBounds=Rect(0, 0 - 1080, 2032) mWindowingMode=fullscreen mActivityType=undefined} nonFullScreen=0 suim:4 s.8}, config:{0.85 250mcc99mnc [ru_RU,en_RU] ldltr sw360dp w360dp h653dp 480dpi nrml long port finger -keyb/v/h -nav/h winConfig={ mBounds=Rect(0, 0 - 0, 0) mAppBounds=Rect(0, 0 - 1080, 2032) mWindowingMode=fullscreen mActivityType=undefined} nonFullScreen=0 suim:4 s.8} for app:com.android.todolist
10-23 14:48:16.268 21341 21341 D ActivityThread: add activity client record, r= ActivityRecord{dae7187 token=android.os.BinderProxy@31215eb {com.android.todolist/com.android.todolist.About}} token= android.os.BinderProxy@31215eb
10-23 14:48:19.731 21341 21341 D ActivityThread: Remove activity client record, r= ActivityRecord{dae7187 token=android.os.BinderProxy@31215eb {com.android.todolist/com.android.todolist.About}} token= android.os.BinderProxy@31215eb
10-23 14:48:33.100  1767  8888 I HidataAppQoeP: foregroundUidRemove uid: 10244 name: com.android.todolist
10-23 14:48:33.537 21341 21341 V ActivityThread: Handle window ActivityRecord{eeeed73 token=android.os.BinderProxy@90f064f {com.android.todolist/com.android.todolist.MainActivity}} visibility: false
10-23 14:51:50.246  1767  8888 I HidataAppQoeP: foregroundUidAdd uid: 10244 name: com.android.todolist activity state: true
10-23 14:51:51.882  1767  8888 I HidataAppQoeP: foregroundUidRemove uid: 10244 name: com.android.todolist
10-23 15:33:10.400  1767  8888 I HidataAppQoeP: foregroundUidAdd uid: 10244 name: com.android.todolist activity state: true
10-23 15:34:24.113 21341 21341 V ActivityThread: Handle window ActivityRecord{eeeed73 token=android.os.BinderProxy@90f064f {com.android.todolist/com.android.todolist.MainActivity}} visibility: false
10-23 15:38:50.964 21341 21341 V ActivityThread: Skipping new config:{0.85 250mcc99mnc [ru_RU,en_RU] ldltr sw360dp w360dp h653dp 480dpi nrml long port finger -keyb/v/h -nav/h winConfig={ mBounds=Rect(0, 0 - 0, 0) mAppBounds=Rect(0, 0 - 1080, 2032) mWindowingMode=fullscreen mActivityType=undefined} nonFullScreen=0 suim:4 s.8}, config:{0.85 250mcc99mnc [ru_RU,en_RU] ldltr sw360dp w360dp h653dp 480dpi nrml long port finger -keyb/v/h -nav/h winConfig={ mBounds=Rect(0, 0 - 0, 0) mAppBounds=Rect(0, 0 - 1080, 2032) mWindowingMode=fullscreen mActivityType=undefined} nonFullScreen=0 suim:4 s.8} for app:com.android.todolist
10-23 15:38:51.062 21341 21341 D ActivityThread: add activity client record, r= ActivityRecord{e24bb3a token=android.os.BinderProxy@5fe5d3f {com.android.todolist/com.android.todolist.ListActivity}} token= android.os.BinderProxy@5fe5d3f
10-23 15:39:05.931 21341 21341 V ActivityThread: Skipping new config:{0.85 250mcc99mnc [ru_RU,en_RU] ldltr sw360dp w360dp h653dp 480dpi nrml long port finger -keyb/v/h -nav/h winConfig={ mBounds=Rect(0, 0 - 0, 0) mAppBounds=Rect(0, 0 - 1080, 2032) mWindowingMode=fullscreen mActivityType=undefined} nonFullScreen=0 suim:4 s.8}, config:{0.85 250mcc99mnc [ru_RU,en_RU] ldltr sw360dp w360dp h653dp 480dpi nrml long port finger -keyb/v/h -nav/h winConfig={ mBounds=Rect(0, 0 - 0, 0) mAppBounds=Rect(0, 0 - 1080, 2032) mWindowingMode=fullscreen mActivityType=undefined} nonFullScreen=0 suim:4 s.8} for app:com.android.todolist
10-23 15:39:06.010 21341 21341 D ActivityThread: add activity client record, r= ActivityRecord{d465da4 token=android.os.BinderProxy@1cc578e {com.android.todolist/com.android.todolist.MainActivity}} token= android.os.BinderProxy@1cc578e
10-23 15:39:06.282 21341 21341 D ActivityThread: Remove activity client record, r= ActivityRecord{e24bb3a token=android.os.BinderProxy@5fe5d3f {com.android.todolist/com.android.todolist.ListActivity}} token= android.os.BinderProxy@5fe5d3f
10-23 15:39:17.681 21341 21341 V ActivityThread: Skipping new config:{0.85 250mcc99mnc [ru_RU,en_RU] ldltr sw360dp w360dp h653dp 480dpi nrml long port finger -keyb/v/h -nav/h winConfig={ mBounds=Rect(0, 0 - 0, 0) mAppBounds=Rect(0, 0 - 1080, 2032) mWindowingMode=fullscreen mActivityType=undefined} nonFullScreen=0 suim:4 s.8}, config:{0.85 250mcc99mnc [ru_RU,en_RU] ldltr sw360dp w360dp h653dp 480dpi nrml long port finger -keyb/v/h -nav/h winConfig={ mBounds=Rect(0, 0 - 0, 0) mAppBounds=Rect(0, 0 - 1080, 2032) mWindowingMode=fullscreen mActivityType=undefined} nonFullScreen=0 suim:4 s.8} for app:com.android.todolist
10-23 15:39:17.744 21341 21341 D ActivityThread: add activity client record, r= ActivityRecord{c35b044 token=android.os.BinderProxy@c20e990 {com.android.todolist/com.android.todolist.ListActivity}} token= android.os.BinderProxy@c20e990
10-23 15:39:18.087  3756  3771 I AppLifeChangeSensor:  CAWARENESS: activityPaused componentName = ComponentInfo{com.android.todolist/com.android.todolist.ListActivity}
10-23 15:39:18.156 21341 21341 V ActivityThread: Skipping new config:{0.85 250mcc99mnc [ru_RU,en_RU] ldltr sw360dp w360dp h653dp 480dpi nrml long port finger -keyb/v/h -nav/h winConfig={ mBounds=Rect(0, 0 - 0, 0) mAppBounds=Rect(0, 0 - 1080, 2032) mWindowingMode=fullscreen mActivityType=undefined} nonFullScreen=0 suim:4 s.8}, config:{0.85 250mcc99mnc [ru_RU,en_RU] ldltr sw360dp w360dp h653dp 480dpi nrml long port finger -keyb/v/h -nav/h winConfig={ mBounds=Rect(0, 0 - 0, 0) mAppBounds=Rect(0, 0 - 1080, 2032) mWindowingMode=fullscreen mActivityType=undefined} nonFullScreen=0 suim:4 s.8} for app:com.android.todolist
10-23 15:39:18.214 21341 21341 D HwSplineOverScrollerExImpl: initSplineOverScrollerImpl paras: android.widget.OverScroller$SplineOverScroller@94a147d,com.android.todolist.ListActivity@e2f8f6a
10-23 15:39:18.215 21341 21341 D HwSplineOverScrollerExImpl: initSplineOverScrollerImpl paras: android.widget.OverScroller$SplineOverScroller@5687b79,com.android.todolist.ListActivity@e2f8f6a
10-23 15:39:18.232 21341 21341 D ActivityThread: add activity client record, r= ActivityRecord{8b95d00 token=android.os.BinderProxy@9b2dc0c {com.android.todolist/com.android.todolist.ListActivity}} token= android.os.BinderProxy@9b2dc0c
10-23 15:39:18.255  3756  3771 I AppLifeChangeSensor:  CAWARENESS: activityResumed componentName = ComponentInfo{com.android.todolist/com.android.todolist.ListActivity}
10-23 15:39:18.265 21341 27120 D HiTouch_PressGestureDetector: onAttached, package=com.android.todolist, windowType=1, mHiTouchRestricted=false
10-23 15:39:19.217 21341 21341 I InputMethodManager: mServedView =com.android.todolist;view =com.android.todolist;flags =1
10-23 15:39:19.309  2162 26752 W kkz     : Infinite Data has no result for 9677661882425161_com.android.todolist [CONTEXT service_id=177 ]
10-23 15:39:22.543 21341 21341 I InputMethodManager: mServedView =com.android.todolist;view =com.android.todolist;flags =1
10-23 15:39:32.190   696   784 I AwareLog: HibSTrategy::HibStrategySwapCandidateProcessAdd packagename com.android.todolist
10-23 15:39:32.234   696   784 I AwareLog: HibStrategy::HibStrategySwapCandidateProcessRemove packagename is com.android.todolist
10-23 15:39:59.352 21341 21341 I InputMethodManager: mServedView =com.android.todolist;view =com.android.todolist;flags =1
10-23 15:40:01.926 21341 21341 I chatty  : uid=10244(com.android.todolist) identical 13 lines
10-23 15:40:14.965 21341 21341 I chatty  : uid=10244(com.android.todolist) expire 11 lines
10-23 15:40:17.435   696   784 I AwareLog: HibSTrategy::HibStrategySwapCandidateProcessAdd packagename com.android.todolist
10-23 15:40:17.477   696   784 I AwareLog: HibStrategy::HibStrategySwapCandidateProcessRemove packagename is com.android.todolist
10-23 15:40:43.144 21341 21341 I chatty  : uid=10244(com.android.todolist) expire 157 lines
10-23 15:40:43.248 21341 21356 I chatty  : uid=10244(com.android.todolist) expire 2 lines
10-23 15:40:49.718  3756  3771 I AppLifeChangeSensor:  CAWARENESS: activityPaused componentName = ComponentInfo{com.android.todolist/com.android.todolist.ListActivity}
10-23 15:40:49.726 21341 21341 V ActivityThread: Skipping new config:{0.85 250mcc99mnc [ru_RU,en_RU] ldltr sw360dp w360dp h653dp 480dpi nrml long port finger -keyb/v/h -nav/h winConfig={ mBounds=Rect(0, 0 - 0, 0) mAppBounds=Rect(0, 0 - 1080, 2032) mWindowingMode=fullscreen mActivityType=undefined} nonFullScreen=0 suim:4 s.8}, config:{0.85 250mcc99mnc [ru_RU,en_RU] ldltr sw360dp w360dp h653dp 480dpi nrml long port finger -keyb/v/h -nav/h winConfig={ mBounds=Rect(0, 0 - 0, 0) mAppBounds=Rect(0, 0 - 1080, 2032) mWindowingMode=fullscreen mActivityType=undefined} nonFullScreen=0 suim:4 s.8} for app:com.android.todolist
10-23 15:40:49.816 21341 21341 D ActivityThread: add activity client record, r= ActivityRecord{c6d1f51 token=android.os.BinderProxy@ded9c0d {com.android.todolist/com.android.todolist.MainActivity}} token= android.os.BinderProxy@ded9c0d
10-23 15:40:49.849  3756  3771 I AppLifeChangeSensor:  CAWARENESS: activityResumed componentName = ComponentInfo{com.android.todolist/com.android.todolist.MainActivity}
10-23 15:40:49.865 21341 27219 I chatty  : uid=10244(com.android.todolist) expire 2 lines
10-23 15:40:50.145 21341 21341 D ActivityThread: Remove activity client record, r= ActivityRecord{8b95d00 token=android.os.BinderProxy@9b2dc0c {com.android.todolist/com.android.todolist.ListActivity}} token= android.os.BinderProxy@9b2dc0c
10-23 15:40:51.651 21341 27220 I chatty  : uid=10244(com.android.todolist) expire 2 lines
10-23 15:40:51.709 21341 21376 I chatty  : uid=10244(com.android.todolist) expire 6 lines
10-23 15:40:53.115 21341 27221 I chatty  : uid=10244(com.android.todolist) expire 2 lines
10-23 15:40:54.016  2162 27032 W kkz     : Infinite Data has no result for 9677661882425161_com.android.todolist [CONTEXT service_id=177 ]
10-23 15:40:58.320 21341 27241 D HiTouch_PressGestureDetector: onAttached, package=com.android.todolist, windowType=2, mHiTouchRestricted=false
10-23 15:40:59.174 21341 21341 I InputMethodManager: mServedView =com.android.todolist;view =com.android.todolist;flags =0
10-23 15:40:59.249  2162 27223 W kkz     : Infinite Data has no result for 9677661882425161_com.android.todolist [CONTEXT service_id=177 ]
10-23 15:41:46.106   696   784 I AwareLog: HibSTrategy::HibStrategySwapCandidateProcessAdd packagename com.android.todolist
10-23 15:41:46.149   696   784 I AwareLog: HibStrategy::HibStrategySwapCandidateProcessRemove packagename is com.android.todolist
10-23 15:45:04.226 21341 27370 D HiTouch_PressGestureDetector: onAttached, package=com.android.todolist, windowType=2, mHiTouchRestricted=false
10-23 15:45:06.285 21341 21341 I HiTouch_HiTouchSensor: Checking pkgName: com.android.todolist Checking result: true
10-23 15:45:06.303 21341 21341 I InputMethodManager: mServedView =com.android.todolist;view =com.android.todolist;flags =0
10-23 15:45:06.345 21341 21341 I chatty  : uid=10244(com.android.todolist) identical 10 lines
10-23 15:45:06.406  2162 27032 W kkz     : Infinite Data has no result for 9677661882425161_com.android.todolist [CONTEXT service_id=177 ]
10-23 15:45:16.405 21341 27399 D HiTouch_PressGestureDetector: onAttached, package=com.android.todolist, windowType=2, mHiTouchRestricted=false
10-23 15:45:17.142 21341 21341 I InputMethodManager: mServedView =com.android.todolist;view =com.android.todolist;flags =0
10-23 15:45:17.472  2162 27391 W kkz     : Infinite Data has no result for 9677661882425161_com.android.todolist [CONTEXT service_id=177 ]
10-23 15:45:20.690 21341 27418 D HiTouch_PressGestureDetector: onAttached, package=com.android.todolist, windowType=2, mHiTouchRestricted=false
10-23 15:45:47.861  3756  3771 I AppLifeChangeSensor:  CAWARENESS: activityPaused componentName = ComponentInfo{com.android.todolist/com.android.todolist.MainActivity}
10-23 15:45:47.927  1767  8888 I HidataAppQoeP: foregroundUidRemove uid: 10244 name: com.android.todolist
10-23 15:45:48.042   676   727 D iTouchService: itouch currentPackageName=com.android.todolist
10-23 15:45:48.042   676   727 D iTouchService: itouch:app com.android.todolist is  not game app
10-23 15:45:50.206  1855  2088 I HwRecentsTaskUtils: remove task send broadcast packageName=com.android.todolist, userId=0,taskId=21625
10-23 15:45:50.248 21341 21341 D ActivityThread: Remove activity client record, r= ActivityRecord{ece7ca7 token=android.os.BinderProxy@9bd1c10 {com.android.todolist/com.android.todolist.MainActivity}} token= android.os.BinderProxy@9bd1c10
10-23 15:45:50.276  1280  8595 V WindowManager: removeIfPossible: Window{fd2119 u0 com.android.todolist/com.android.todolist.MainActivity}
10-23 15:45:50.277  1280  8595 V WindowManager: postWindowRemoveCleanupLocked: Window{fd2119 u0 com.android.todolist/com.android.todolist.MainActivity}
10-23 15:45:50.277  1280  8595 V WindowManager: Removing Window{fd2119 u0 com.android.todolist/com.android.todolist.MainActivity} from AppWindowToken{3a25ff7 token=Token{51e3ff6 ActivityRecord{2e3b491 u0 com.android.todolist/.MainActivity t21625}}}
10-23 15:45:50.284 21341 21341 D ActivityThread: Remove activity client record, r= ActivityRecord{9d4248e token=android.os.BinderProxy@b660328 {com.android.todolist/com.android.todolist.MainActivity}} token= android.os.BinderProxy@b660328
10-23 15:45:50.310  1280  1290 V WindowManager: removeIfPossible: Window{91cf0b0 u0 com.android.todolist/com.android.todolist.MainActivity}
10-23 15:45:50.310  1280  1290 V WindowManager: postWindowRemoveCleanupLocked: Window{91cf0b0 u0 com.android.todolist/com.android.todolist.MainActivity}
10-23 15:45:50.310  1280  1290 V WindowManager: Removing Window{91cf0b0 u0 com.android.todolist/com.android.todolist.MainActivity} from AppWindowToken{8100e62 token=Token{8d3492d ActivityRecord{384d444 u0 com.android.todolist/.MainActivity t21625}}}
10-23 15:45:50.316 21341 21341 D ActivityThread: Remove activity client record, r= ActivityRecord{eb9a7f0 token=android.os.BinderProxy@9d4dd82 {com.android.todolist/com.android.todolist.MainActivity}} token= android.os.BinderProxy@9d4dd82
10-23 15:45:50.324  1280  1291 V WindowManager: removeIfPossible: Window{5313a95 u0 com.android.todolist/com.android.todolist.MainActivity}
10-23 15:45:50.325  1280  1291 V WindowManager: postWindowRemoveCleanupLocked: Window{5313a95 u0 com.android.todolist/com.android.todolist.MainActivity}
10-23 15:45:50.325  1280  1291 V WindowManager: Removing Window{5313a95 u0 com.android.todolist/com.android.todolist.MainActivity} from AppWindowToken{ce0fa7f token=Token{ef40f9e ActivityRecord{a45d9d9 u0 com.android.todolist/.MainActivity t21625}}}
10-23 15:45:50.345 21341 21341 D ActivityThread: Remove activity client record, r= ActivityRecord{1b203b2 token=android.os.BinderProxy@d4580df {com.android.todolist/com.android.todolist.MainActivity}} token= android.os.BinderProxy@d4580df
10-23 15:45:50.359  1280  1291 V WindowManager: removeIfPossible: Window{5ac0962 u0 com.android.todolist/com.android.todolist.MainActivity}
10-23 15:45:50.360  1280  1291 V WindowManager: postWindowRemoveCleanupLocked: Window{5ac0962 u0 com.android.todolist/com.android.todolist.MainActivity}
10-23 15:45:50.360  1280  1291 V WindowManager: Removing Window{5ac0962 u0 com.android.todolist/com.android.todolist.MainActivity} from AppWindowToken{9d39744 token=Token{f1c057 ActivityRecord{84765d6 u0 com.android.todolist/.MainActivity t21625}}}
10-23 15:45:50.366 21341 21341 D ActivityThread: Remove activity client record, r= ActivityRecord{be7a7c0 token=android.os.BinderProxy@62db8ca {com.android.todolist/com.android.todolist.MainActivity}} token= android.os.BinderProxy@62db8ca
10-23 15:45:50.380  1280  1291 V WindowManager: removeIfPossible: Window{145dc15 u0 com.android.todolist/com.android.todolist.MainActivity}
10-23 15:45:50.381  1280  1291 V WindowManager: postWindowRemoveCleanupLocked: Window{145dc15 u0 com.android.todolist/com.android.todolist.MainActivity}
10-23 15:45:50.381  1280  1291 V WindowManager: Removing Window{145dc15 u0 com.android.todolist/com.android.todolist.MainActivity} from AppWindowToken{bf79ca3 token=Token{dbd13d2 ActivityRecord{8043e5d u0 com.android.todolist/.MainActivity t21625}}}
10-23 15:45:50.399 21341 21341 D ActivityThread: Remove activity client record, r= ActivityRecord{7f8d62b token=android.os.BinderProxy@76eac05 {com.android.todolist/com.android.todolist.MainActivity}} token= android.os.BinderProxy@76eac05
10-23 15:45:50.406  1280  1290 V WindowManager: removeIfPossible: Window{81e1990 u0 com.android.todolist/com.android.todolist.MainActivity}
10-23 15:45:50.407  1280  1290 V WindowManager: postWindowRemoveCleanupLocked: Window{81e1990 u0 com.android.todolist/com.android.todolist.MainActivity}
10-23 15:45:50.407  1280  1290 V WindowManager: Removing Window{81e1990 u0 com.android.todolist/com.android.todolist.MainActivity} from AppWindowToken{b561442 token=Token{9b83a8d ActivityRecord{5cb2f24 u0 com.android.todolist/.MainActivity t21625}}}
10-23 15:45:50.414 21341 21341 D ActivityThread: Remove activity client record, r= ActivityRecord{d659606 token=android.os.BinderProxy@dc9b28 {com.android.todolist/com.android.todolist.MainActivity}} token= android.os.BinderProxy@dc9b28
10-23 15:45:50.421  1280  1290 V WindowManager: removeIfPossible: Window{9ded576 u0 com.android.todolist/com.android.todolist.MainActivity}
10-23 15:45:50.422  1280  1290 V WindowManager: postWindowRemoveCleanupLocked: Window{9ded576 u0 com.android.todolist/com.android.todolist.MainActivity}
10-23 15:45:50.422  1280  1290 V WindowManager: Removing Window{9ded576 u0 com.android.todolist/com.android.todolist.MainActivity} from AppWindowToken{21a3838 token=Token{2e33c9b ActivityRecord{ec3d8aa u0 com.android.todolist/.MainActivity t21625}}}
10-23 15:45:50.429 21341 21341 D ActivityThread: Remove activity client record, r= ActivityRecord{94da895 token=android.os.BinderProxy@b8700f7 {com.android.todolist/com.android.todolist.MainActivity}} token= android.os.BinderProxy@b8700f7
10-23 15:45:50.441  1280  1290 V WindowManager: removeIfPossible: Window{170f3dc u0 com.android.todolist/com.android.todolist.MainActivity}
10-23 15:45:50.442  1280  1290 V WindowManager: postWindowRemoveCleanupLocked: Window{170f3dc u0 com.android.todolist/com.android.todolist.MainActivity}
10-23 15:45:50.442  1280  1290 V WindowManager: Removing Window{170f3dc u0 com.android.todolist/com.android.todolist.MainActivity} from AppWindowToken{4a22729 token=Token{504bcb0 ActivityRecord{bbba7f3 u0 com.android.todolist/.MainActivity t21625}}}
10-23 15:45:50.461 21341 21341 D ActivityThread: Remove activity client record, r= ActivityRecord{985dbbe token=android.os.BinderProxy@a83284a {com.android.todolist/com.android.todolist.MainActivity}} token= android.os.BinderProxy@a83284a
10-23 15:45:50.470  1280  7718 V WindowManager: removeIfPossible: Window{555850d u0 com.android.todolist/com.android.todolist.MainActivity}
10-23 15:45:50.471  1280  7718 V WindowManager: postWindowRemoveCleanupLocked: Window{555850d u0 com.android.todolist/com.android.todolist.MainActivity}
10-23 15:45:50.471  1280  7718 V WindowManager: Removing Window{555850d u0 com.android.todolist/com.android.todolist.MainActivity} from AppWindowToken{59bf237 token=Token{615b336 ActivityRecord{48fecd1 u0 com.android.todolist/.MainActivity t21625}}}
10-23 15:45:50.477 21341 21341 D ActivityThread: Remove activity client record, r= ActivityRecord{9c6ca6f token=android.os.BinderProxy@2677f0b {com.android.todolist/com.android.todolist.MainActivity}} token= android.os.BinderProxy@2677f0b
10-23 15:45:50.488  1280  1291 V WindowManager: removeIfPossible: Window{53efcc3 u0 com.android.todolist/com.android.todolist.MainActivity}
10-23 15:45:50.489  1280  1291 V WindowManager: postWindowRemoveCleanupLocked: Window{53efcc3 u0 com.android.todolist/com.android.todolist.MainActivity}
10-23 15:45:50.490  1280  1291 V WindowManager: Removing Window{53efcc3 u0 com.android.todolist/com.android.todolist.MainActivity} from AppWindowToken{df7597d token=Token{f88b3d4 ActivityRecord{6ae3527 u0 com.android.todolist/.MainActivity t21625}}}
10-23 15:45:50.501 21341 21341 D ActivityThread: Remove activity client record, r= ActivityRecord{a8447e8 token=android.os.BinderProxy@e5d7914 {com.android.todolist/com.android.todolist.MainActivity}} token= android.os.BinderProxy@e5d7914
10-23 15:45:50.519  1280  1291 V WindowManager: removeIfPossible: Window{3323f3 u0 com.android.todolist/com.android.todolist.MainActivity}
10-23 15:45:50.519  1280  1291 V WindowManager: postWindowRemoveCleanupLocked: Window{3323f3 u0 com.android.todolist/com.android.todolist.MainActivity}
10-23 15:45:50.520  1280  1291 V WindowManager: Removing Window{3323f3 u0 com.android.todolist/com.android.todolist.MainActivity} from AppWindowToken{9fb812d token=Token{bcaec44 ActivityRecord{f8d4957 u0 com.android.todolist/.MainActivity t21625}}}
10-23 15:45:50.531 21341 21341 D ActivityThread: Remove activity client record, r= ActivityRecord{b18e0f3 token=android.os.BinderProxy@ef50b8d {com.android.todolist/com.android.todolist.MainActivity}} token= android.os.BinderProxy@ef50b8d
10-23 15:45:50.539  1280  7718 V WindowManager: removeIfPossible: Window{3d90a32 u0 com.android.todolist/com.android.todolist.MainActivity}
10-23 15:45:50.540  1280  7718 V WindowManager: postWindowRemoveCleanupLocked: Window{3d90a32 u0 com.android.todolist/com.android.todolist.MainActivity}
10-23 15:45:50.540  1280  7718 V WindowManager: Removing Window{3d90a32 u0 com.android.todolist/com.android.todolist.MainActivity} from AppWindowToken{7325794 token=Token{bad0fe7 ActivityRecord{546f9a6 u0 com.android.todolist/.MainActivity t21625}}}
10-23 15:45:50.559 21341 21341 D ActivityThread: Remove activity client record, r= ActivityRecord{9290882 token=android.os.BinderProxy@4cbbc13 {com.android.todolist/com.android.todolist.ListActivity}} token= android.os.BinderProxy@4cbbc13
10-23 15:45:50.567  1280  1291 V WindowManager: removeIfPossible: Window{734369b u0 com.android.todolist/com.android.todolist.ListActivity}
10-23 15:45:50.568  1280  1291 V WindowManager: postWindowRemoveCleanupLocked: Window{734369b u0 com.android.todolist/com.android.todolist.ListActivity}
10-23 15:45:50.568  1280  1291 V WindowManager: Removing Window{734369b u0 com.android.todolist/com.android.todolist.ListActivity} from AppWindowToken{1a7017f token=Token{881d29e ActivityRecord{c34c8d9 u0 com.android.todolist/.ListActivity t21625}}}
10-23 15:45:50.572  1280 27523 I ActivityManager: Killing 21341:com.android.todolist/u0a244 (adj 900): remove task
10-23 15:45:50.586  1280  8595 V WindowManager: removeAppToken: AppWindowToken{3a25ff7 token=Token{51e3ff6 ActivityRecord{2e3b491 u0 com.android.todolist/.MainActivity t21625}}} delayed=false Callers=com.android.server.wm.DisplayContent.removeAppToken:1086 com.android.server.wm.AppWindowContainerController.removeContainer:315 com.android.server.am.ActivityRecord.removeWindowContainer:1203 com.android.server.am.ActivityStack.removeActivityFromHistoryLocked:4584 
10-23 15:45:50.594  1280  8595 V WindowManager: removeAppToken: AppWindowToken{8100e62 token=Token{8d3492d ActivityRecord{384d444 u0 com.android.todolist/.MainActivity t21625}}} delayed=false Callers=com.android.server.wm.DisplayContent.removeAppToken:1086 com.android.server.wm.AppWindowContainerController.removeContainer:315 com.android.server.am.ActivityRecord.removeWindowContainer:1203 com.android.server.am.ActivityStack.removeActivityFromHistoryLocked:4584 
10-23 15:45:50.613  1280  8595 V WindowManager: removeAppToken: AppWindowToken{ce0fa7f token=Token{ef40f9e ActivityRecord{a45d9d9 u0 com.android.todolist/.MainActivity t21625}}} delayed=false Callers=com.android.server.wm.DisplayContent.removeAppToken:1086 com.android.server.wm.AppWindowContainerController.removeContainer:315 com.android.server.am.ActivityRecord.removeWindowContainer:1203 com.android.server.am.ActivityStack.removeActivityFromHistoryLocked:4584 
10-23 15:45:50.616  1280  8595 V WindowManager: removeAppToken: AppWindowToken{9d39744 token=Token{f1c057 ActivityRecord{84765d6 u0 com.android.todolist/.MainActivity t21625}}} delayed=false Callers=com.android.server.wm.DisplayContent.removeAppToken:1086 com.android.server.wm.AppWindowContainerController.removeContainer:315 com.android.server.am.ActivityRecord.removeWindowContainer:1203 com.android.server.am.ActivityStack.removeActivityFromHistoryLocked:4584 
10-23 15:45:50.618  1280  8595 V WindowManager: removeAppToken: AppWindowToken{bf79ca3 token=Token{dbd13d2 ActivityRecord{8043e5d u0 com.android.todolist/.MainActivity t21625}}} delayed=false Callers=com.android.server.wm.DisplayContent.removeAppToken:1086 com.android.server.wm.AppWindowContainerController.removeContainer:315 com.android.server.am.ActivityRecord.removeWindowContainer:1203 com.android.server.am.ActivityStack.removeActivityFromHistoryLocked:4584 
10-23 15:45:50.628  1280  1291 V WindowManager: removeAppToken: AppWindowToken{b561442 token=Token{9b83a8d ActivityRecord{5cb2f24 u0 com.android.todolist/.MainActivity t21625}}} delayed=false Callers=com.android.server.wm.DisplayContent.removeAppToken:1086 com.android.server.wm.AppWindowContainerController.removeContainer:315 com.android.server.am.ActivityRecord.removeWindowContainer:1203 com.android.server.am.ActivityStack.removeActivityFromHistoryLocked:4584 
10-23 15:45:50.631  1280  1291 V WindowManager: removeAppToken: AppWindowToken{21a3838 token=Token{2e33c9b ActivityRecord{ec3d8aa u0 com.android.todolist/.MainActivity t21625}}} delayed=false Callers=com.android.server.wm.DisplayContent.removeAppToken:1086 com.android.server.wm.AppWindowContainerController.removeContainer:315 com.android.server.am.ActivityRecord.removeWindowContainer:1203 com.android.server.am.ActivityStack.removeActivityFromHistoryLocked:4584 
10-23 15:45:50.634  1280  1291 V WindowManager: removeAppToken: AppWindowToken{4a22729 token=Token{504bcb0 ActivityRecord{bbba7f3 u0 com.android.todolist/.MainActivity t21625}}} delayed=false Callers=com.android.server.wm.DisplayContent.removeAppToken:1086 com.android.server.wm.AppWindowContainerController.removeContainer:315 com.android.server.am.ActivityRecord.removeWindowContainer:1203 com.android.server.am.ActivityStack.removeActivityFromHistoryLocked:4584 
10-23 15:45:50.637  1280  1291 V WindowManager: removeAppToken: AppWindowToken{59bf237 token=Token{615b336 ActivityRecord{48fecd1 u0 com.android.todolist/.MainActivity t21625}}} delayed=false Callers=com.android.server.wm.DisplayContent.removeAppToken:1086 com.android.server.wm.AppWindowContainerController.removeContainer:315 com.android.server.am.ActivityRecord.removeWindowContainer:1203 com.android.server.am.ActivityStack.removeActivityFromHistoryLocked:4584 
10-23 15:45:50.644  1280  8595 V WindowManager: removeAppToken: AppWindowToken{df7597d token=Token{f88b3d4 ActivityRecord{6ae3527 u0 com.android.todolist/.MainActivity t21625}}} delayed=false Callers=com.android.server.wm.DisplayContent.removeAppToken:1086 com.android.server.wm.AppWindowContainerController.removeContainer:315 com.android.server.am.ActivityRecord.removeWindowContainer:1203 com.android.server.am.ActivityStack.removeActivityFromHistoryLocked:4584 
10-23 15:45:50.646  1280  8595 V WindowManager: removeAppToken: AppWindowToken{9fb812d token=Token{bcaec44 ActivityRecord{f8d4957 u0 com.android.todolist/.MainActivity t21625}}} delayed=false Callers=com.android.server.wm.DisplayContent.removeAppToken:1086 com.android.server.wm.AppWindowContainerController.removeContainer:315 com.android.server.am.ActivityRecord.removeWindowContainer:1203 com.android.server.am.ActivityStack.removeActivityFromHistoryLocked:4584 
10-23 15:45:50.651  1280  8595 V WindowManager: removeAppToken: AppWindowToken{7325794 token=Token{bad0fe7 ActivityRecord{546f9a6 u0 com.android.todolist/.MainActivity t21625}}} delayed=false Callers=com.android.server.wm.DisplayContent.removeAppToken:1086 com.android.server.wm.AppWindowContainerController.removeContainer:315 com.android.server.am.ActivityRecord.removeWindowContainer:1203 com.android.server.am.ActivityStack.removeActivityFromHistoryLocked:4584 
10-23 15:45:50.694  1280  1291 I WindowManager: WIN DEATH: Window{4e8962d u0 com.android.todolist/com.android.todolist.MainActivity}
10-23 15:45:50.696  1280  1594 D ActivityManager: cleanUpApplicationRecord app: ProcessRecord{2301894 21341:com.android.todolist/u0a244}, app.bad: false, restarting: false, allowRestart: true
10-23 15:45:50.703  1280  1291 V WindowManager: removeIfPossible: Window{4e8962d u0 com.android.todolist/com.android.todolist.MainActivity}
10-23 15:45:50.704  1280  1291 V WindowManager: postWindowRemoveCleanupLocked: Window{4e8962d u0 com.android.todolist/com.android.todolist.MainActivity}
10-23 15:45:50.704  1280  1291 V WindowManager: Removing Window{4e8962d u0 com.android.todolist/com.android.todolist.MainActivity} from AppWindowToken{bbd1657 token=Token{87253d6 ActivityRecord{e2e2bf1 u0 com.android.todolist/.MainActivity t21625}}}
10-23 15:45:50.711  1280  1290 I WindowManager: WIN DEATH: Window{a7d9aa u0 com.android.todolist/com.android.todolist.MainActivity}
10-23 15:45:50.711  1280  1290 V WindowManager: removeIfPossible: Window{a7d9aa u0 com.android.todolist/com.android.todolist.MainActivity}
10-23 15:45:50.712  1280  1290 V WindowManager: postWindowRemoveCleanupLocked: Window{a7d9aa u0 com.android.todolist/com.android.todolist.MainActivity}
10-23 15:45:50.712  1280  1290 V WindowManager: Removing Window{a7d9aa u0 com.android.todolist/com.android.todolist.MainActivity} from AppWindowToken{7e10c4c token=Token{977447f ActivityRecord{62d419e u0 com.android.todolist/.MainActivity t21625}}}
10-23 15:45:50.718  1280  5713 I WindowManager: WIN DEATH: Window{e5fc5b0 u0 com.android.todolist/com.android.todolist.ListActivity}
10-23 15:45:50.718  1280  5713 V WindowManager: removeIfPossible: Window{e5fc5b0 u0 com.android.todolist/com.android.todolist.ListActivity}
10-23 15:45:50.718  1280  5713 V WindowManager: postWindowRemoveCleanupLocked: Window{e5fc5b0 u0 com.android.todolist/com.android.todolist.ListActivity}
10-23 15:45:50.718  1280  5713 V WindowManager: Removing Window{e5fc5b0 u0 com.android.todolist/com.android.todolist.ListActivity} from AppWindowToken{2d45944 token=Token{2544a57 ActivityRecord{2d5d7d6 u0 com.android.todolist/.ListActivity t21625}}}
10-23 15:45:50.724  1280  7718 I WindowManager: WIN DEATH: Window{95b1590 u0 com.android.todolist/com.android.todolist.MainActivity}
10-23 15:45:50.724  1280  7718 V WindowManager: removeIfPossible: Window{95b1590 u0 com.android.todolist/com.android.todolist.MainActivity}
10-23 15:45:50.725  1280  7718 V WindowManager: postWindowRemoveCleanupLocked: Window{95b1590 u0 com.android.todolist/com.android.todolist.MainActivity}
10-23 15:45:50.725  1280  7718 V WindowManager: Removing Window{95b1590 u0 com.android.todolist/com.android.todolist.MainActivity} from AppWindowToken{6b3b042 token=Token{fdac68d ActivityRecord{3f06b24 u0 com.android.todolist/.MainActivity t21625}}}
10-23 15:45:50.744  1280  1594 V WindowManager: removeAppToken: AppWindowToken{6b3b042 token=Token{fdac68d ActivityRecord{3f06b24 u0 com.android.todolist/.MainActivity t21625}}} delayed=false Callers=com.android.server.wm.DisplayContent.removeAppToken:1086 com.android.server.wm.AppWindowContainerController.removeContainer:315 com.android.server.am.ActivityRecord.removeWindowContainer:1203 com.android.server.am.ActivityStack.removeActivityFromHistoryLocked:4584 
10-23 15:45:50.745  1280  1594 V WindowManager: removeAppToken: AppWindowToken{2d45944 token=Token{2544a57 ActivityRecord{2d5d7d6 u0 com.android.todolist/.ListActivity t21625}}} delayed=false Callers=com.android.server.wm.DisplayContent.removeAppToken:1086 com.android.server.wm.AppWindowContainerController.removeContainer:315 com.android.server.am.ActivityRecord.removeWindowContainer:1203 com.android.server.am.ActivityStack.removeActivityFromHistoryLocked:4584 
10-23 15:45:50.748  1280  1594 V WindowManager: removeAppToken: AppWindowToken{7e10c4c token=Token{977447f ActivityRecord{62d419e u0 com.android.todolist/.MainActivity t21625}}} delayed=false Callers=com.android.server.wm.DisplayContent.removeAppToken:1086 com.android.server.wm.AppWindowContainerController.removeContainer:315 com.android.server.am.ActivityRecord.removeWindowContainer:1203 com.android.server.am.ActivityStack.removeActivityFromHistoryLocked:4584 
10-23 15:45:50.751  1280  1594 V WindowManager: removeAppToken: AppWindowToken{bbd1657 token=Token{87253d6 ActivityRecord{e2e2bf1 u0 com.android.todolist/.MainActivity t21625}}} delayed=false Callers=com.android.server.wm.DisplayContent.removeAppToken:1086 com.android.server.wm.AppWindowContainerController.removeContainer:315 com.android.server.am.ActivityRecord.removeWindowContainer:1203 com.android.server.am.ActivityStack.removeActivityFromHistoryLocked:4584 
10-23 15:45:50.754  1280  1594 V WindowManager: removeAppToken: AppWindowToken{1a7017f token=Token{881d29e ActivityRecord{c34c8d9 u0 com.android.todolist/.ListActivity t21625}}} delayed=false Callers=com.android.server.wm.DisplayContent.removeAppToken:1086 com.android.server.wm.AppWindowContainerController.removeContainer:315 com.android.server.am.ActivityRecord.removeWindowContainer:1203 com.android.server.am.ActivityStack.removeActivityFromHistoryLocked:4584 
10-23 15:46:08.954  1280  5713 I ActivityManager: START u0 {act=android.intent.action.MAIN cat=[android.intent.category.LAUNCHER] flg=0x10200000 hwFlg=0x10 cmp=com.android.todolist/.MainActivity bnds=[48,1586][285,1843]} from uid 10069
10-23 15:46:08.957  1280  5713 I ActivityManager: ActivityRecord info: ActivityInfo{bddd157 com.android.todolist.MainActivity}
10-23 15:46:08.957  1280  5713 I ActivityManager: isNeedToStartExSplash  callingPackage: com.huawei.android.launcher packageName: com.android.todolist
10-23 15:46:08.957  1280  5713 I HwActivityManagerServiceEx: packageName:com.android.todolist,requestCode:-1,isIntercepted:false,userId:0
10-23 15:46:08.960  1820  2318 I PG_ash  : front pkg : com.android.todolist launcher: false
10-23 15:46:08.960  1820  2318 I PG_ash  : above launcher front pkgs: [com.android.todolist]
10-23 15:46:08.973   696   784 D AwareLog: iawared: WorkingsetProcessCommand subCmd = 354, userId=10244, pid=0, com.android.todolist
10-23 15:46:08.974   696   784 D AwareLog: iawared: WorkingsetSendPrereadMsg com.android.todolist
10-23 15:46:08.974   696   784 D AwareLog: iawared: WorkingsetStart com.android.todolist in monitor0
10-23 15:46:08.997  1280  5713 V WindowManager: addAppToken: AppWindowToken{ad68c6b token=Token{95645ba ActivityRecord{cece6e5 u0 com.android.todolist/.MainActivity t21628}}} controller={TaskWindowContainerController taskId=21628} at 2147483647
10-23 15:46:09.056  1280  5713 V ActivityManager: startProcess: name=com.android.todolist app=null knownToBeDead=true thread=null pid=-1
10-23 15:46:09.061   696   784 D AwareLog: iawared: WorkingsetProcessCommand subCmd = 354, userId=10244, pid=0, com.android.todolist
10-23 15:46:09.061   696   784 D AwareLog: iawared: WorkingsetStart com.android.todolist in monitor0
10-23 15:46:09.065  1280  1395 V WindowManager: addWindow: Window{e57665b u0 Splash Screen com.android.todolist}
10-23 15:46:09.070  1280  5713 V ActivityManager: startProcess: name=com.android.todolist app=ProcessRecord{862b53f 0:com.android.todolist/u0a244} knownToBeDead=true thread=null pid=0
10-23 15:46:09.076  1280 27626 D HiTouch_PressGestureDetector: onAttached, package=com.android.todolist, windowType=3, mHiTouchRestricted=false
10-23 15:46:09.125  1280  1304 I ActivityManager: Start proc 27627:com.android.todolist/u0a244 for activity com.android.todolist/.MainActivity
10-23 15:46:09.133   696   784 D AwareLog: iawared: WorkingsetProcessCommand subCmd = 350, userId=10244, pid=27627, com.android.todolist
10-23 15:46:09.156   696   784 D AwareLog: iawared: WorkingsetStart com.android.todolist in monitor0
10-23 15:46:09.281  1280  5713 W HwActivityManagerServiceEx: appSwitch from: com.huawei.android.launcher to: com.android.todolist
10-23 15:46:09.283  1767  9119 D AssistantService-1000102: registerHwActivityNotifier call fromPackage:com.huawei.android.launcher, toPackage:com.android.todolist
10-23 15:46:09.285  1767  6353 D AssistantService-1000102: handleMessage app switch fromPackage:com.huawei.android.launcher, toPackage:com.android.todolist
10-23 15:46:09.287  1280  1313 D HwGameAssistantController: UPDATE: mCurFgPkg=com.android.todolist, mCurFgPid=27627, mCurIsGame=false
10-23 15:46:09.288  1820  1990 D ScenarioService: front pkg : com.android.todolist launcher: false
10-23 15:46:09.288  1820  1990 D ScenarioService: new above launcher front pkgs: [com.android.todolist]
10-23 15:46:09.288  1820  1990 I AppManager: handleAppFrontEvent: com.android.todolist
10-23 15:46:09.288  1820  1990 I AppsUsage: scnOff:false FgAPP:com.android.todolist BgAPP:com.huawei.android.launcher
10-23 15:46:09.292  1280  1302 D HiDATA_ContentAware: mForegroundAppPackageName: com.android.todolist ,score: 0
10-23 15:46:09.292  1280  1302 D HiDATA  : APP type: -1 appName= com.android.todolist
10-23 15:46:09.293  1280  1302 D HiDATA  : no game, APP_TYPE_GAME, appName =com.android.todolist
10-23 15:46:09.294  1280  1395 V WindowManager: Check opening app=AppWindowToken{ad68c6b token=Token{95645ba ActivityRecord{cece6e5 u0 com.android.todolist/.MainActivity t21628}}}: allDrawn=false startingDisplayed=true startingMoved=false isRelaunching()=false startingWindow=Window{e57665b u0 Splash Screen com.android.todolist}
10-23 15:46:09.299  1767  6353 D AssistantService-1000102: package:com.android.todolist inAppAssistant:false
10-23 15:46:09.314   676   727 D iTouchService: itouch currentPackageName=com.android.todolist
10-23 15:46:09.314   676   727 D iTouchService: itouch:app com.android.todolist is  not game app
10-23 15:46:09.334  1767  2118 D Hicom_EmcomManagerService: forePackage name is com.android.todolist
10-23 15:46:09.334  1767  2118 D XEngineProcessor: onForegroundAppChanged, pkgName:com.android.todolist
10-23 15:46:09.334  1767  2118 D Hicom_SysEnvMonitor: onForegroundAppChanged, pkgName: com.android.todolist
10-23 15:46:09.334  1767  2118 D XEngineMpipControl: onForegroundAppChanged, pkgName:com.android.todolist
10-23 15:46:09.346  1820  2348 I PGServer: report state:10000 event type:1 pid:0 uid:0 pkg:com.android.todolist to pid: 1280
10-23 15:46:09.346  1820  2348 I PGServer: report state:10000 event type:1 pid:0 uid:0 pkg:com.android.todolist to pid: 1820
10-23 15:46:09.354  1280  1302 I StatusBarDisable: setFlags what=0 which=1 pkg=Window{e57665b u0 Splash Screen com.android.todolist}
10-23 15:46:09.379  1820  2348 I SceneReceiver: state type: 10000 eventType:1 pid:0 uid:0 pkg:com.android.todolist
10-23 15:46:09.379  1820  2908 D HwThermalStateManager: current foreapp pkg : com.android.todolist
10-23 15:46:09.474 27627 27643 I HwApiCacheMangerEx: apicache path=/storage/emulated/0 state=mounted key=com.android.todolist#10244#256
10-23 15:46:09.476 27627 27643 I HwApiCacheMangerEx: apicache path=/storage/emulated/0 state=mounted key=com.android.todolist#10244#0
10-23 15:46:09.493  1280  1302 I StatusBarDisable: setFlags what=0 which=1 pkg=Window{e57665b u0 Splash Screen com.android.todolist}
10-23 15:46:09.837 27627 27627 I ndroid.todolis: QarthPatchMonintor::CheckAndWatchPatch: /data/hotpatch/fwkhotpatch/com.android.todolist
10-23 15:46:09.846 27627 27643 I AwareBitmapCacher: init processName:com.android.todolist pid=27627 uid=10244
10-23 15:46:09.902 27627 27627 V ActivityThread: Skipping new config:{0.85 250mcc99mnc [ru_RU,en_RU] ldltr sw360dp w360dp h653dp 480dpi nrml long port finger -keyb/v/h -nav/h winConfig={ mBounds=Rect(0, 0 - 0, 0) mAppBounds=Rect(0, 0 - 1080, 2032) mWindowingMode=fullscreen mActivityType=undefined} nonFullScreen=0 suim:4 s.8}, config:{0.85 250mcc99mnc [ru_RU,en_RU] ldltr sw360dp w360dp h653dp 480dpi nrml long port finger -keyb/v/h -nav/h winConfig={ mBounds=Rect(0, 0 - 0, 0) mAppBounds=Rect(0, 0 - 1080, 2032) mWindowingMode=fullscreen mActivityType=undefined} nonFullScreen=0 suim:4 s.8} for app:com.android.todolist
10-23 15:46:10.117 27627 27627 D HwSplineOverScrollerExImpl: initSplineOverScrollerImpl paras: android.widget.OverScroller$SplineOverScroller@eb2cc3,com.android.todolist.MainActivity@e24bf2f
10-23 15:46:10.120 27627 27627 D HwSplineOverScrollerExImpl: initSplineOverScrollerImpl paras: android.widget.OverScroller$SplineOverScroller@7c9d21f,com.android.todolist.MainActivity@e24bf2f
10-23 15:46:10.121 27627 27627 D HwSplineOverScrollerExImpl: initSplineOverScrollerImpl paras: android.widget.OverScroller$SplineOverScroller@3a7eb35,com.android.todolist.MainActivity@e24bf2f
10-23 15:46:10.122 27627 27627 D HwSplineOverScrollerExImpl: initSplineOverScrollerImpl paras: android.widget.OverScroller$SplineOverScroller@8c3713b,com.android.todolist.MainActivity@e24bf2f
10-23 15:46:10.242 27627 27627 D HwSplineOverScrollerExImpl: initSplineOverScrollerImpl paras: android.widget.OverScroller$SplineOverScroller@3674bed,com.android.todolist.MainActivity@e24bf2f
10-23 15:46:10.243 27627 27627 D HwSplineOverScrollerExImpl: initSplineOverScrollerImpl paras: android.widget.OverScroller$SplineOverScroller@c79b9e9,com.android.todolist.MainActivity@e24bf2f
10-23 15:46:10.333 27627 27627 D HwSplineOverScrollerExImpl: initSplineOverScrollerImpl paras: android.widget.OverScroller$SplineOverScroller@b2be8db,com.android.todolist.MainActivity@e24bf2f
10-23 15:46:10.335 27627 27627 D HwSplineOverScrollerExImpl: initSplineOverScrollerImpl paras: android.widget.OverScroller$SplineOverScroller@bf637b7,com.android.todolist.MainActivity@e24bf2f
10-23 15:46:10.482 27627 27627 D ActivityThread: add activity client record, r= ActivityRecord{70b2166 token=android.os.BinderProxy@593b2c2 {com.android.todolist/com.android.todolist.MainActivity}} token= android.os.BinderProxy@593b2c2
10-23 15:46:10.511 27627 27627 D HwAppInnerBoostImpl: set config for com.android.todolist BOOST_FLAG=false REPORT_DURATION_CLICK=1000 REPORT_TIMES_CLICK=3 REPORT_DURATION_SLIDE=5000 REPORT_TIMES_SLIDE=16
10-23 15:46:10.531  1280  6494 V WindowManager: addWindow: Window{443923c u0 com.android.todolist/com.android.todolist.MainActivity}
10-23 15:46:10.535  3756  3771 I AppLifeChangeSensor:  CAWARENESS: activityResumed componentName = ComponentInfo{com.android.todolist/com.android.todolist.MainActivity}
10-23 15:46:10.535  1280  1512 D HiDATA_HiStream: activityResumed:pid=27627, uid=10244, component=ComponentInfo{com.android.todolist/com.android.todolist.MainActivity}
10-23 15:46:10.535  1280  1512 D HiData_HwAPPQoEResourceMangerImpl: checkIsMonitorVideoScence input :com.android.todolist,com.android.todolist.MainActivity
10-23 15:46:10.536  1280  1442 D HiData_HwAPPQoEResourceMangerImpl: checkIsMonitorHiCureAppScence input :com.android.todolist
10-23 15:46:10.537  1767  8888 D DollieActivityManagerAdapter: [Resumed] pid:27627 uid:10244 ComponentInfo{com.android.todolist/com.android.todolist.MainActivity}
10-23 15:46:10.538  1280  4516 D HiData_HwAPPQoEActivityMonitor: handleActivityChange,  curPackage:com.android.todolist, curClass:com.android.todolist.MainActivity
10-23 15:46:10.538  1280  4516 D HiData_HwAPPQoEResourceMangerImpl: checkIsMonitorAPKScence input :com.android.todolist,com.android.todolist.MainActivity
10-23 15:46:10.538  1280  4516 D HiData_HwAPPQoEResourceMangerImpl: checkIsMonitorAPKScence input :com.android.todolist,null
10-23 15:46:10.538  1280  4516 D HiData_HwAPPQoEResourceMangerImpl: checkIsMonitorGameScence input :com.android.todolist
10-23 15:46:10.538  1280  4516 D HiData_HwAPPQoEResourceMangerImpl: checkIsMonitorGameScence input :com.android.todolist
10-23 15:46:10.539  1767  8888 I HidataAppQoeP: foregroundUidAdd uid: 10244 name: com.android.todolist activity state: true
10-23 15:46:10.540  1767  8888 E DollieAdapterService: notifyActivityState pkg:com.android.todolist/com.android.todolist.MainActivity state:2 fg:true mUid:10244
10-23 15:46:10.556 27627 27658 D HiTouch_PressGestureDetector: onAttached, package=com.android.todolist, windowType=1, mHiTouchRestricted=false
10-23 15:46:10.612  1280  1302 I StatusBarDisable: setFlags what=0 which=1 pkg=Window{e57665b u0 Splash Screen com.android.todolist}
10-23 15:46:10.617  1280  6494 V HwPhoneWindowManager: updateSystemUiColorLw window=Window{443923c u0 com.android.todolist/com.android.todolist.MainActivity},EmuiStyle=0,StatusBarColor=0xff00574b,NavigationBarColor=0xff000000, mForceNotchStatusBar=false
10-23 15:46:10.618  1280  1302 I StatusBarDisable: setFlags what=0 which=1 pkg=Window{443923c u0 com.android.todolist/com.android.todolist.MainActivity}
10-23 15:46:10.656 27627 27657 I iGraphics: [0020080c] pn: com.android.todolist, p: 27627
10-23 15:46:10.656 27627 27657 I iGraphics: [0030080c] no spt app: com.android.todolist
10-23 15:46:10.873  1280  1302 I StatusBarDisable: setFlags what=0 which=1 pkg=Window{443923c u0 com.android.todolist/com.android.todolist.MainActivity}
10-23 15:46:10.873  1280  1395 V WindowManager_visibility: updateAllDrawn Add AppWindowToken{ad68c6b token=Token{95645ba ActivityRecord{cece6e5 u0 com.android.todolist/.MainActivity t21628}}}
10-23 15:46:10.874  1280  1395 V WindowManager_visibility: updateAllDrawn allDrawn=false interesting=1 drawn=1 relaunchCount=0 for AppWindowToken{ad68c6b token=Token{95645ba ActivityRecord{cece6e5 u0 com.android.todolist/.MainActivity t21628}}}
10-23 15:46:10.879  1280  1302 I StatusBarDisable: setFlags what=0 which=1 pkg=Window{443923c u0 com.android.todolist/com.android.todolist.MainActivity}
10-23 15:46:10.883  1280  1395 V WindowManager: removeIfPossible: Window{e57665b u0 Splash Screen com.android.todolist}
10-23 15:46:10.897  1280  1395 V WindowManager: Not removing Window{e57665b u0 Splash Screen com.android.todolist EXITING} due to exit animation 
10-23 15:46:10.900  1280  1302 I StatusBarDisable: setFlags what=0 which=1 pkg=Window{443923c u0 com.android.todolist/com.android.todolist.MainActivity}
10-23 15:46:10.906  1280  1312 I ActivityManager: Displayed com.android.todolist/.MainActivity: +1s824ms
10-23 15:46:10.906  1280  1312 D ActivityManager: EVENT_APP_ACTIVITY_DISPLAYED_FINISH reportData: com.android.todolist/.MainActivity 27627 1824
10-23 15:46:10.908   696   784 D AwareLog: iawared: WorkingsetProcessCommand subCmd = 351, userId=10244, pid=27627, com.android.todolist
10-23 15:46:10.909   696   784 D AwareLog: iawared: WorkingsetPause com.android.todolist
10-23 15:46:10.914  1280  1302 I StatusBarDisable: setFlags what=0 which=1 pkg=Window{443923c u0 com.android.todolist/com.android.todolist.MainActivity}
10-23 15:46:10.951  1280  1395 V WindowManager: Exit animation finished in Window{e57665b u0 Splash Screen com.android.todolist EXITING}: remove=true
10-23 15:46:10.951  1280  1395 E WindowManager: win=Window{e57665b u0 Splash Screen com.android.todolist EXITING} destroySurfaces: appStopped=false win.mWindowRemovalAllowed=true win.mRemoveOnExit=true
10-23 15:46:10.952  1280  1395 V WindowManager: postWindowRemoveCleanupLocked: Window{e57665b u0 Splash Screen com.android.todolist}
10-23 15:46:10.952  1280  1395 V WindowManager: Removing Window{e57665b u0 Splash Screen com.android.todolist} from AppWindowToken{ad68c6b token=Token{95645ba ActivityRecord{cece6e5 u0 com.android.todolist/.MainActivity t21628}}}
10-23 15:46:10.955  1280  1302 I StatusBarDisable: setFlags what=0 which=1 pkg=Window{443923c u0 com.android.todolist/com.android.todolist.MainActivity}
10-23 15:46:11.295  1280  1504 D HiDATA  : onForegroundAppWifiSleepChange: config:false, sleeptime:-1,type: -1, appname:com.android.todolist
10-23 15:46:11.296  1280  1504 D HiDATA  : APP type: -1 appName= com.android.todolist
10-23 15:46:11.296  1280  1504 D HiDATA  : no game, APP_TYPE_GAME, appName =com.android.todolist
10-23 15:46:12.911   696   784 D AwareLog: iawared: WorkingsetProcessCommand subCmd = 357, userId=10244, pid=27627, com.android.todolist
10-23 15:46:12.912   696   784 D AwareLog: iawared: WorkingsetPauseCollect com.android.todolist
10-23 15:46:13.966 27627 27627 I AwareAppScheduleManager: post cache drawable res id to aware, resId = 17302176, packagename = com.android.todolist, cost time = 14493750
10-23 15:46:14.172  1280  1302 I StatusBarDisable: setFlags what=0 which=1 pkg=Window{6387317 u0 com.android.todolist/com.android.todolist.MainActivity}
10-23 15:46:14.173  1280  6494 V WindowManager: addWindow: Window{6387317 u0 com.android.todolist/com.android.todolist.MainActivity}
10-23 15:46:14.196 27627 27678 D HiTouch_PressGestureDetector: onAttached, package=com.android.todolist, windowType=2, mHiTouchRestricted=false
10-23 15:46:14.244  1280  1302 I StatusBarDisable: setFlags what=0 which=1 pkg=Window{6387317 u0 com.android.todolist/com.android.todolist.MainActivity}
10-23 15:46:14.244  1280  8965 V WindowManager_visibility: updateAllDrawn Add AppWindowToken{ad68c6b token=Token{95645ba ActivityRecord{cece6e5 u0 com.android.todolist/.MainActivity t21628}}}
10-23 15:46:14.245  1280  8965 V WindowManager_visibility: updateAllDrawn allDrawn=false interesting=1 drawn=1 relaunchCount=0 for AppWindowToken{ad68c6b token=Token{95645ba ActivityRecord{cece6e5 u0 com.android.todolist/.MainActivity t21628}}}
10-23 15:46:14.249  1280  1302 I StatusBarDisable: setFlags what=0 which=1 pkg=Window{6387317 u0 com.android.todolist/com.android.todolist.MainActivity}
10-23 15:46:14.261   604   604 D SurfaceFlinger: duplicate layer name: changing com.android.todolist/com.android.todolist.MainActivity to com.android.todolist/com.android.todolist.MainActivity#1
10-23 15:46:14.363  1280  1395 V WindowManager_visibility: updateAllDrawn Add AppWindowToken{ad68c6b token=Token{95645ba ActivityRecord{cece6e5 u0 com.android.todolist/.MainActivity t21628}}}
10-23 15:46:14.363  1280  1302 I StatusBarDisable: setFlags what=0 which=1 pkg=Window{6387317 u0 com.android.todolist/com.android.todolist.MainActivity}
10-23 15:46:14.367  1280  1395 V WindowManager_visibility: updateAllDrawn allDrawn=false interesting=2 drawn=2 relaunchCount=0 for AppWindowToken{ad68c6b token=Token{95645ba ActivityRecord{cece6e5 u0 com.android.todolist/.MainActivity t21628}}}
10-23 15:46:14.373  1280  1302 I StatusBarDisable: setFlags what=0 which=1 pkg=Window{6387317 u0 com.android.tod